[2017-12-12 11:19:01:497] ServiceB Start
[2017-12-12 11:19:06:512] ServiceA : Running
[2017-12-12 11:19:11:501] ServiceA : Running
[2017-12-12 11:19:16:501] ServiceA : Running
[2017-12-12 11:19:21:502] ServiceA : Running
[2017-12-12 11:19:23:303] ServiceB Stop
[2017-12-12 11:19:35:959] ServiceB Start
[2017-12-12 11:19:40:967] ServiceA : Running
[2017-12-12 11:19:45:961] ServiceA : Running
[2017-12-12 11:19:46:423] ServiceB Stop
[2017-12-12 11:46:10:453] ServiceB Start
[2017-12-12 11:46:15:459] ServiceA : Running
[2017-12-12 11:46:20:456] ServiceA : Running
[2017-12-12 11:46:25:456] ServiceA : Running
[2017-12-12 11:46:30:456] ServiceA : Running
[2017-12-12 11:46:35:457] ServiceA : Running
[2017-12-12 11:46:40:457] ServiceA : Running
[2017-12-12 11:46:45:458] ServiceA : Running
[2017-12-12 11:46:50:337] ServiceB Stop
[2017-12-12 11:51:03:344] ServiceB Start
[2017-12-12 11:51:08:369] ServiceA : Stopped
[2017-12-12 11:51:08:371] Count : 0
[2017-12-12 11:51:13:347] ServiceA : Stopped
[2017-12-12 11:51:13:348] Count : 0
[2017-12-12 11:51:18:348] ServiceA : Stopped
[2017-12-12 11:51:18:350] Count : 0
[2017-12-12 11:51:23:349] ServiceA : Stopped
[2017-12-12 11:51:23:351] Count : 0
[2017-12-12 11:51:28:349] ServiceA : Stopped
[2017-12-12 11:51:28:351] Count : 0
[2017-12-12 11:51:33:350] ServiceA : Stopped
[2017-12-12 11:51:33:352] Count : 0
[2017-12-12 11:51:38:349] ServiceA : Stopped
[2017-12-12 11:51:38:350] Count : 0
[2017-12-12 11:51:43:351] ServiceA : Stopped
[2017-12-12 11:51:43:353] Count : 0
[2017-12-12 11:51:48:352] ServiceA : Stopped
[2017-12-12 11:51:48:353] Count : 0
[2017-12-12 11:51:53:353] ServiceA : Stopped
[2017-12-12 11:51:53:354] Count : 0
[2017-12-12 11:51:58:352] ServiceA : Stopped
[2017-12-12 11:51:58:353] Count : 0
[2017-12-12 11:52:03:353] ServiceA : Stopped
[2017-12-12 11:52:03:354] Count : 0
[2017-12-12 11:52:08:354] ServiceA : Stopped
[2017-12-12 11:52:08:356] Count : 0
[2017-12-12 11:52:13:354] ServiceA : Stopped
[2017-12-12 11:52:13:356] Count : 0
[2017-12-12 11:52:18:354] ServiceA : Stopped
[2017-12-12 11:52:18:356] Count : 0
[2017-12-12 11:52:23:355] ServiceA : Stopped
[2017-12-12 11:52:23:357] Count : 0
[2017-12-12 11:52:28:356] ServiceA : Stopped
[2017-12-12 11:52:28:358] Count : 0
[2017-12-12 11:52:33:357] ServiceA : Stopped
[2017-12-12 11:52:33:359] Count : 0
[2017-12-12 11:52:38:357] ServiceA : Stopped
[2017-12-12 11:52:38:359] Count : 0
[2017-12-12 11:52:38:728] ServiceB Stop
