[2017-11-24 10:04:53:600] time
[2017-11-24 10:11:41:462] time
[2017-11-24 10:11:46:457] time
[2017-11-24 10:11:51:456] time
[2017-11-24 10:11:56:458] time
[2017-11-24 10:12:01:459] time
[2017-11-24 10:12:06:459] time
[2017-11-24 10:12:11:461] time
[2017-11-24 10:12:16:462] time
[2017-11-24 10:12:21:462] time
[2017-11-24 10:12:26:463] time
[2017-11-24 10:12:31:464] time
[2017-11-24 10:12:36:464] time
[2017-11-24 10:12:41:465] time
[2017-11-24 10:12:46:465] time
[2017-11-24 10:47:19:853] Stopped
[2017-11-24 10:47:24:824] Stopped
[2017-11-24 10:47:29:826] Stopped
[2017-11-24 10:47:34:826] Stopped
[2017-11-24 10:47:39:827] Stopped
[2017-11-24 10:47:44:826] Stopped
[2017-11-24 10:47:49:827] Running
[2017-11-24 10:47:54:828] Running
[2017-11-24 10:47:59:829] Running
[2017-11-24 10:48:04:830] Running
[2017-11-24 10:48:09:830] Stopped
[2017-11-24 10:48:14:830] Stopped
[2017-11-24 10:48:19:831] Stopped
[2017-11-24 10:48:24:832] Stopped
[2017-11-24 10:48:29:831] Stopped
[2017-11-24 10:48:34:832] Stopped
[2017-11-24 10:48:39:832] Stopped
[2017-11-24 10:48:44:834] Stopped
[2017-11-24 10:48:49:834] Stopped
[2017-11-24 10:48:54:834] Stopped
[2017-11-24 10:48:59:834] Stopped
[2017-11-24 10:49:04:836] Stopped
[2017-11-24 10:49:09:836] Stopped
[2017-11-24 10:49:14:837] Stopped
[2017-11-24 10:49:19:837] Stopped
[2017-11-24 10:49:24:838] Stopped
[2017-11-24 10:49:29:838] Stopped
[2017-11-24 10:49:34:839] Stopped
[2017-11-24 10:49:39:839] Stopped
[2017-11-24 10:49:44:840] Stopped
[2017-11-24 10:49:49:839] Stopped
[2017-11-24 10:49:54:841] Stopped
[2017-11-24 11:04:11:786] Stopped
[2017-11-24 11:04:16:756] Stopped
[2017-11-24 11:04:21:756] Stopped
[2017-11-24 11:04:26:757] Stopped
[2017-11-24 11:04:31:758] Stopped
[2017-11-24 11:04:36:758] Stopped
[2017-11-24 11:04:41:758] Stopped
[2017-11-24 11:04:46:760] Stopped
[2017-11-24 11:08:27:545] Stopped
[2017-11-24 11:08:32:546] Stopped
[2017-11-24 11:08:37:546] Stopped
[2017-11-24 11:12:47:516] Stopped
[2017-11-24 11:12:52:498] Running
[2017-11-24 11:12:57:499] Running
[2017-11-24 11:13:02:499] Running
[2017-11-24 11:13:07:500] Running
[2017-11-24 11:13:12:502] Running
[2017-11-24 11:13:17:503] Running
[2017-11-24 11:13:22:503] Running
[2017-11-24 11:13:27:504] Running
[2017-11-24 11:13:32:503] Running
[2017-11-24 11:13:37:505] Running
[2017-11-24 11:13:42:506] Running
[2017-11-24 11:13:47:506] Running
[2017-11-24 11:13:52:506] Running
[2017-11-24 11:13:57:508] Running
[2017-11-24 11:14:02:510] Running
[2017-11-24 11:14:07:510] Running
[2017-11-24 11:14:12:512] Running
[2017-11-24 11:14:17:511] Running
[2017-11-24 11:14:22:512] Running
[2017-11-24 11:14:27:513] Running
[2017-11-24 11:14:32:513] Running
[2017-11-24 11:14:37:513] Running
[2017-11-24 11:14:42:515] Running
[2017-11-24 11:14:47:514] Running
[2017-11-24 11:14:52:515] Running
[2017-11-24 11:14:57:514] Running
[2017-11-24 11:15:02:515] Running
[2017-11-24 11:15:07:516] Running
[2017-11-24 11:15:12:517] Running
[2017-11-24 11:15:17:517] Running
[2017-11-24 11:15:22:518] Running
[2017-11-24 11:15:27:519] Running
[2017-11-24 11:15:32:519] Running
[2017-11-24 11:15:37:520] Running
[2017-11-24 11:15:42:520] Running
[2017-11-24 11:15:47:520] Running
[2017-11-24 11:15:52:521] Stopped
[2017-11-24 11:15:57:522] Running
[2017-11-24 11:24:58:278] Stopped
[2017-11-24 11:25:03:255] Running
[2017-11-24 11:25:08:255] Running
[2017-11-24 11:25:13:257] Running
[2017-11-24 11:25:18:257] Running
[2017-11-24 11:25:23:257] Running
[2017-11-24 11:25:28:256] Running
[2017-11-24 11:25:33:258] Running
[2017-11-24 11:25:38:258] Running
[2017-11-24 11:25:43:259] Running
[2017-11-24 11:25:48:259] Running
[2017-11-24 11:25:53:260] Running
[2017-11-24 11:25:58:261] Running
[2017-11-24 11:27:21:516] Stopped
[2017-11-24 11:27:26:487] Running
[2017-11-24 11:27:31:488] Running
[2017-11-24 11:27:36:488] Running
[2017-11-24 11:27:41:488] Running
[2017-11-24 11:27:46:489] Running
[2017-11-24 11:27:48:886] Service Stop
[2017-11-24 11:28:25:023] Service Start
[2017-11-24 11:28:30:046] Running
[2017-11-24 11:28:35:026] Running
[2017-11-24 11:28:38:051] Service Stop
[2017-11-24 11:29:20:564] ServiceA Start
[2017-11-24 11:29:25:587] ServiceB : Stopped
[2017-11-24 11:29:30:567] ServiceB : Running
[2017-11-24 11:29:35:568] ServiceB : Running
[2017-11-24 11:29:40:568] ServiceB : Running
[2017-11-24 11:29:45:569] ServiceB : Running
[2017-11-24 11:29:50:570] ServiceB : Running
[2017-11-24 11:29:55:570] ServiceB : Running
[2017-11-24 11:30:00:571] ServiceB : Running
[2017-11-24 11:30:05:573] ServiceB : Running
[2017-11-24 11:30:10:573] ServiceB : Running
[2017-11-24 11:30:15:573] ServiceB : Running
[2017-11-24 11:30:20:574] ServiceB : Running
[2017-11-24 11:30:25:575] ServiceB : Running
[2017-11-24 11:30:30:575] ServiceB : Running
[2017-11-24 11:30:35:575] ServiceB : Running
[2017-11-24 11:30:40:576] ServiceB : Running
[2017-11-24 11:30:45:577] ServiceB : Running
[2017-11-24 11:30:50:577] ServiceB : Running
[2017-11-24 11:30:55:578] ServiceB : Stopped
[2017-11-24 11:31:00:577] ServiceB : Running
[2017-11-24 11:31:05:579] ServiceB : Running
[2017-11-24 11:31:10:578] ServiceB : Stopped
[2017-11-24 11:31:15:580] ServiceB : Running
[2017-11-24 11:31:20:582] ServiceB : Running
[2017-11-24 11:31:25:581] ServiceB : Running
[2017-11-24 11:31:30:582] ServiceB : Running
[2017-11-24 11:31:35:582] ServiceB : Running
[2017-11-24 11:31:40:582] ServiceB : Running
[2017-11-24 11:31:45:583] ServiceB : Running
[2017-11-24 11:31:50:583] ServiceB : Running
[2017-11-24 11:31:55:584] ServiceB : Running
[2017-11-24 11:32:00:584] ServiceB : Running
[2017-11-24 11:32:05:585] ServiceB : Stopped
[2017-11-24 11:32:10:586] ServiceB : Running
[2017-11-24 11:32:15:586] ServiceB : Running
[2017-11-24 11:32:20:586] ServiceB : Running
[2017-11-24 11:32:25:588] ServiceB : Running
[2017-11-24 11:32:30:588] ServiceB : Running
[2017-11-24 11:32:35:589] ServiceB : Running
[2017-11-24 11:32:40:588] ServiceB : Running
[2017-11-24 11:32:45:590] ServiceB : Running
[2017-11-24 11:32:50:590] ServiceB : Running
[2017-11-24 11:32:55:591] ServiceB : Running
[2017-11-24 11:33:00:590] ServiceB : Running
[2017-11-24 11:33:05:593] ServiceB : Running
[2017-11-24 11:33:10:592] ServiceB : Running
[2017-11-24 11:33:15:593] ServiceB : Running
[2017-11-24 11:33:20:592] ServiceB : Running
[2017-11-24 11:33:25:594] ServiceB : Running
[2017-11-24 11:33:30:594] ServiceB : Running
[2017-11-24 11:33:35:595] ServiceB : Running
[2017-11-24 11:33:40:595] ServiceB : Running
[2017-11-24 11:33:45:596] ServiceB : Running
[2017-11-24 11:33:50:597] ServiceB : Running
[2017-11-24 11:33:55:597] ServiceB : Running
[2017-11-24 11:34:00:598] ServiceB : Running
[2017-11-24 11:34:05:598] ServiceB : Running
[2017-11-24 11:34:10:598] ServiceB : Running
[2017-11-24 11:34:15:599] ServiceB : Running
[2017-11-24 11:34:20:600] ServiceB : Running
[2017-11-24 11:34:25:600] ServiceB : Running
[2017-11-24 11:34:30:601] ServiceB : Running
[2017-11-24 11:34:35:601] ServiceB : Running
[2017-11-24 11:34:40:602] ServiceB : Running
[2017-11-24 11:34:45:602] ServiceB : Running
[2017-11-24 11:34:50:603] ServiceB : Running
[2017-11-24 11:34:55:604] ServiceB : Running
[2017-11-24 11:35:00:604] ServiceB : Running
[2017-11-24 11:35:05:605] ServiceB : Running
[2017-11-24 11:35:10:605] ServiceB : Running
[2017-11-24 11:35:15:606] ServiceB : Running
[2017-11-24 11:35:20:605] ServiceB : Running
[2017-11-24 11:35:25:607] ServiceB : Running
[2017-11-24 11:35:30:607] ServiceB : Running
[2017-11-24 11:35:35:608] ServiceB : Running
[2017-11-24 11:35:40:608] ServiceB : Stopped
[2017-11-24 11:35:45:609] ServiceB : Running
[2017-11-24 11:35:50:609] ServiceB : Running
[2017-11-24 11:35:55:610] ServiceB : Running
[2017-11-24 11:36:00:611] ServiceB : Running
[2017-11-24 11:36:05:610] ServiceB : Running
[2017-11-24 11:36:10:612] ServiceB : Running
[2017-11-24 11:36:15:612] ServiceB : Running
[2017-11-24 11:36:20:613] ServiceB : Running
[2017-11-24 11:36:25:612] ServiceB : Running
[2017-11-24 11:36:30:614] ServiceB : Running
[2017-11-24 11:36:35:614] ServiceB : Running
[2017-11-24 11:36:40:615] ServiceB : Running
[2017-11-24 11:36:45:615] ServiceB : Running
[2017-11-24 11:36:50:616] ServiceB : Running
[2017-11-24 11:36:55:616] ServiceB : Running
[2017-11-24 11:37:00:617] ServiceB : Running
[2017-11-24 11:37:05:618] ServiceB : Running
[2017-11-24 11:37:10:618] ServiceB : Running
[2017-11-24 11:37:15:619] ServiceB : Running
[2017-11-24 11:37:20:620] ServiceB : Running
[2017-11-24 11:37:25:620] ServiceB : Running
[2017-11-24 11:37:30:620] ServiceB : Running
[2017-11-24 11:37:35:622] ServiceB : Running
[2017-11-24 11:37:40:622] ServiceB : Running
[2017-11-24 11:37:45:623] ServiceB : Running
[2017-11-24 11:37:50:623] ServiceB : Running
[2017-11-24 11:37:55:625] ServiceB : Running
[2017-11-24 11:38:00:624] ServiceB : Running
[2017-11-24 11:38:05:625] ServiceB : Running
[2017-11-24 11:38:10:625] ServiceB : Running
[2017-11-24 11:38:15:626] ServiceB : Running
[2017-11-24 11:38:20:626] ServiceB : Running
[2017-11-24 11:38:25:628] ServiceB : Running
[2017-11-24 11:38:30:628] ServiceB : Running
[2017-11-24 11:38:35:629] ServiceB : Running
[2017-11-24 11:38:40:628] ServiceB : Running
[2017-11-24 11:38:45:630] ServiceB : Running
[2017-11-24 11:38:50:631] ServiceB : Running
[2017-11-24 11:38:55:630] ServiceB : Running
[2017-11-24 11:39:00:631] ServiceB : Running
[2017-11-24 11:39:05:632] ServiceB : Running
[2017-11-24 11:39:10:632] ServiceB : Running
[2017-11-24 11:39:15:633] ServiceB : Running
[2017-11-24 11:39:20:632] ServiceB : Running
[2017-11-24 11:39:25:634] ServiceB : Running
[2017-11-24 11:39:30:634] ServiceB : Running
[2017-11-24 11:39:35:635] ServiceB : Running
[2017-11-24 11:39:40:635] ServiceB : Running
[2017-11-24 11:39:45:636] ServiceB : Running
[2017-11-24 11:39:50:637] ServiceB : Running
[2017-11-24 11:39:55:637] ServiceB : Running
[2017-11-24 11:40:00:637] ServiceB : Running
[2017-11-24 11:40:05:638] ServiceB : Running
[2017-11-24 11:40:10:639] ServiceB : Running
[2017-11-24 11:40:15:639] ServiceB : Stopped
[2017-11-24 11:40:20:640] ServiceB : Running
[2017-11-24 11:40:25:641] ServiceB : Running
[2017-11-24 11:40:30:641] ServiceB : Running
[2017-11-24 11:40:35:642] ServiceB : Running
[2017-11-24 11:40:40:642] ServiceB : Running
[2017-11-24 11:40:45:642] ServiceB : Running
[2017-11-24 11:40:50:643] ServiceB : Running
[2017-11-24 11:40:55:644] ServiceB : Running
[2017-11-24 11:41:00:644] ServiceB : Running
[2017-11-24 11:41:05:645] ServiceB : Running
[2017-11-24 11:41:10:646] ServiceB : Running
[2017-11-24 11:41:15:646] ServiceB : Running
[2017-11-24 11:41:20:647] ServiceB : Running
[2017-11-24 11:41:25:647] ServiceB : Running
[2017-11-24 11:41:30:648] ServiceB : Running
[2017-11-24 11:41:35:649] ServiceB : Running
[2017-11-24 11:41:40:649] ServiceB : Running
[2017-11-24 11:41:45:650] ServiceB : Running
[2017-11-24 11:41:50:650] ServiceB : Running
[2017-11-24 11:41:55:650] ServiceB : Running
[2017-11-24 11:42:00:652] ServiceB : Running
[2017-11-24 11:42:05:653] ServiceB : Running
[2017-11-24 11:42:10:653] ServiceB : Running
[2017-11-24 11:42:15:655] ServiceB : Running
[2017-11-24 11:42:20:655] ServiceB : Running
[2017-11-24 11:42:25:656] ServiceB : Running
[2017-11-24 11:42:30:656] ServiceB : Running
[2017-11-24 11:42:35:656] ServiceB : Running
[2017-11-24 11:42:40:657] ServiceB : Running
[2017-11-24 11:42:45:658] ServiceB : Running
[2017-11-24 11:42:50:659] ServiceB : Running
[2017-11-24 11:42:55:660] ServiceB : Running
[2017-11-24 11:43:00:660] ServiceB : Running
[2017-11-24 11:43:05:661] ServiceB : Running
[2017-11-24 11:43:10:662] ServiceB : Running
[2017-11-24 11:43:15:664] ServiceB : Stopped
[2017-11-24 11:43:20:663] ServiceB : Stopped
[2017-11-24 11:43:25:663] ServiceB : Running
[2017-11-24 11:43:30:665] ServiceB : Running
[2017-11-24 11:43:35:665] ServiceB : Running
[2017-11-24 11:43:40:666] ServiceB : Running
[2017-11-24 11:43:45:666] ServiceB : Running
[2017-11-24 11:43:50:667] ServiceB : Running
[2017-11-24 11:43:55:667] ServiceB : Running
[2017-11-24 11:44:00:667] ServiceB : Running
[2017-11-24 11:44:05:668] ServiceB : Running
[2017-11-24 11:44:10:669] ServiceB : Running
[2017-11-24 11:44:15:670] ServiceB : Running
[2017-11-24 11:44:20:669] ServiceB : Running
[2017-11-24 11:44:25:670] ServiceB : Running
[2017-11-24 11:44:30:671] ServiceB : Running
[2017-11-24 11:44:35:670] ServiceB : Running
[2017-11-24 11:44:40:672] ServiceB : Running
[2017-11-24 11:44:45:672] ServiceB : Running
[2017-11-24 11:44:50:673] ServiceB : Running
[2017-11-24 11:44:55:674] ServiceB : Running
[2017-11-24 11:45:00:673] ServiceB : Running
[2017-11-24 11:45:05:675] ServiceB : Running
[2017-11-24 11:45:10:675] ServiceB : Running
[2017-11-24 11:45:15:676] ServiceB : Running
[2017-11-24 11:45:20:677] ServiceB : Running
[2017-11-24 11:45:25:676] ServiceB : Running
[2017-11-24 11:45:30:677] ServiceB : Running
[2017-11-24 11:45:35:678] ServiceB : Running
[2017-11-24 11:45:40:680] ServiceB : Running
[2017-11-24 11:45:45:680] ServiceB : Running
[2017-11-24 11:45:50:679] ServiceB : Running
[2017-11-24 11:45:55:680] ServiceB : Running
[2017-11-24 11:46:00:681] ServiceB : Running
[2017-11-24 11:46:05:680] ServiceB : Running
[2017-11-24 11:46:10:682] ServiceB : Running
[2017-11-24 11:46:15:681] ServiceB : Running
[2017-11-24 11:46:20:683] ServiceB : Running
[2017-11-24 11:46:25:683] ServiceB : Running
[2017-11-24 11:46:30:684] ServiceB : Running
[2017-11-24 11:46:35:684] ServiceB : Running
[2017-11-24 11:46:40:685] ServiceB : Running
[2017-11-24 11:46:45:685] ServiceB : Running
[2017-11-24 11:46:50:685] ServiceB : Running
[2017-11-24 11:46:55:686] ServiceB : Running
[2017-11-24 11:47:00:687] ServiceB : Running
[2017-11-24 11:47:05:687] ServiceB : Running
[2017-11-24 11:47:10:688] ServiceB : Running
[2017-11-24 11:47:15:689] ServiceB : Running
[2017-11-24 11:47:20:689] ServiceB : Running
[2017-11-24 11:47:25:690] ServiceB : Running
[2017-11-24 11:47:30:690] ServiceB : Running
[2017-11-24 11:47:35:690] ServiceB : Running
[2017-11-24 11:47:40:691] ServiceB : Running
[2017-11-24 11:47:45:692] ServiceB : Running
[2017-11-24 11:47:50:693] ServiceB : Running
[2017-11-24 11:47:55:693] ServiceB : Running
[2017-11-24 11:48:00:694] ServiceB : Running
[2017-11-24 11:48:05:695] ServiceB : Running
[2017-11-24 11:48:10:695] ServiceB : Running
[2017-11-24 11:48:15:696] ServiceB : Running
[2017-11-24 11:48:20:696] ServiceB : Running
[2017-11-24 11:48:25:696] ServiceB : Stopped
[2017-11-24 11:48:30:698] ServiceB : Running
[2017-11-24 11:48:35:697] ServiceB : Running
[2017-11-24 11:48:40:699] ServiceB : Running
[2017-11-24 11:48:45:699] ServiceB : Running
[2017-11-24 11:48:50:700] ServiceB : Running
[2017-11-24 11:48:55:700] ServiceB : Running
[2017-11-24 11:49:00:700] ServiceB : Running
[2017-11-24 11:49:05:700] ServiceB : Running
[2017-11-24 11:49:10:701] ServiceB : Running
[2017-11-24 11:49:15:702] ServiceB : Running
[2017-11-24 11:49:20:702] ServiceB : Running
[2017-11-24 11:49:25:703] ServiceB : Running
[2017-11-24 11:49:30:703] ServiceB : Running
[2017-11-24 11:49:35:704] ServiceB : Running
[2017-11-24 11:49:40:705] ServiceB : Running
[2017-11-24 11:49:45:706] ServiceB : Running
[2017-11-24 11:49:50:705] ServiceB : Stopped
[2017-11-24 11:49:55:705] ServiceB : Running
[2017-11-24 11:50:00:707] ServiceB : Running
[2017-11-24 11:50:05:708] ServiceB : Stopped
[2017-11-24 11:50:10:709] ServiceB : Running
[2017-11-24 11:50:15:709] ServiceB : Running
[2017-11-24 11:50:20:709] ServiceB : Running
[2017-11-24 11:50:25:710] ServiceB : Running
[2017-11-24 11:50:30:711] ServiceB : Running
[2017-11-24 11:50:35:711] ServiceB : Running
[2017-11-24 11:50:40:711] ServiceB : Running
[2017-11-24 11:50:45:712] ServiceB : Running
[2017-11-24 11:50:50:713] ServiceB : Running
[2017-11-24 11:50:55:713] ServiceB : Stopped
[2017-11-24 11:51:00:714] ServiceB : Running
[2017-11-24 11:51:05:713] ServiceB : Running
[2017-11-24 11:51:10:713] ServiceB : Running
[2017-11-24 11:51:15:715] ServiceB : Running
[2017-11-24 11:51:20:715] ServiceB : Running
[2017-11-24 11:51:25:715] ServiceB : Running
[2017-11-24 11:51:30:716] ServiceB : Running
[2017-11-24 11:51:35:716] ServiceB : Running
[2017-11-24 11:51:40:717] ServiceB : Running
[2017-11-24 11:51:45:717] ServiceB : Running
[2017-11-24 11:51:50:718] ServiceB : Stopped
[2017-11-24 11:51:55:718] ServiceB : Running
[2017-11-24 11:51:59:671] ServiceA Stop
